{"message":"Service https://google.com is working","level":"low","createdAt":"2023-12-08T12:20:25.175Z"}
{"message":"Service https://google.com is working","level":"low","createdAt":"2023-12-08T12:20:30.059Z"}
{"message":"Service https://google.com is working","level":"low","createdAt":"2023-12-08T12:20:35.095Z"}
{"message":"Service https://google.com is working","level":"low","createdAt":"2023-12-08T12:20:40.068Z"}
{"message":"Service https://google.com is working","level":"low","createdAt":"2023-12-08T12:20:45.124Z"}
{"message":"Service https://google.com is working","level":"low","createdAt":"2023-12-08T12:20:50.064Z"}
{"message":"Service https://google.com is working","level":"low","createdAt":"2023-12-08T12:20:55.116Z"}
{"message":"Service https://google.com is working","level":"low","createdAt":"2023-12-08T12:21:00.092Z"}
{"message":"Service https://google.com is working","level":"low","createdAt":"2023-12-08T12:21:05.098Z"}
{"message":"Service https://google.com is working","level":"low","createdAt":"2023-12-08T12:21:10.113Z"}
{"message":"Service https://google.com is working","level":"low","createdAt":"2023-12-08T12:21:15.066Z"}
{"message":"Service https://google.com is working","level":"low","createdAt":"2023-12-08T12:21:20.090Z"}
{"message":"Service https://google.com is working","level":"low","createdAt":"2023-12-08T12:21:25.063Z"}
{"message":"Service https://google.com is working","level":"low","createdAt":"2023-12-08T12:21:30.131Z"}
{"message":"Service https://google.com is working","level":"low","createdAt":"2023-12-08T12:21:35.054Z"}
{"message":"Service https://google.com is working","level":"low","createdAt":"2023-12-08T12:21:40.105Z"}
{"message":"Service https://google.com is working","level":"low","createdAt":"2023-12-08T12:21:45.064Z"}
{"message":"Service https://google.com is working","level":"low","createdAt":"2023-12-08T12:21:50.077Z"}
{"message":"Service https://google.com is working","level":"low","createdAt":"2023-12-08T12:21:55.096Z"}
{"message":"Service https://google.com is working","level":"low","createdAt":"2023-12-08T12:22:00.065Z"}
{"message":"Service https://google.com is working","level":"low","createdAt":"2023-12-08T12:22:05.174Z"}
{"message":"Service https://google.com is working","level":"low","createdAt":"2023-12-08T12:22:10.073Z"}
{"message":"Service https://google.co is working","level":"low","createdAt":"2023-12-08T12:22:15.535Z"}
{"message":"Service https://google.co is working","level":"low","createdAt":"2023-12-08T12:22:20.059Z"}
{"message":"Service https://google.co is working","level":"low","createdAt":"2023-12-08T12:22:25.089Z"}
{"message":"TypeError: fetch failed","level":"high","createdAt":"2023-12-08T12:22:30.094Z"}
{"message":"TypeError: fetch failed","level":"high","createdAt":"2023-12-08T12:22:35.015Z"}
{"message":"TypeError: fetch failed","level":"high","createdAt":"2023-12-08T12:22:40.008Z"}
{"message":"TypeError: fetch failed","level":"high","createdAt":"2023-12-08T12:22:45.012Z"}
{"message":"Service https://google.com is working","level":"low","createdAt":"2023-12-08T12:22:50.191Z"}
{"message":"Service https://google.com is working","level":"low","createdAt":"2023-12-08T12:22:55.070Z"}
{"message":"Service https://google.com is working","level":"low","createdAt":"2023-12-08T12:23:00.108Z"}
{"message":"Service https://google.com is working","level":"low","createdAt":"2023-12-08T12:23:05.074Z"}
{"message":"Service https://google.com is working","level":"low","createdAt":"2023-12-08T12:23:10.087Z"}
{"message":"Service https://google.com is working","level":"low","createdAt":"2023-12-08T12:23:15.085Z"}
{"message":"Service https://google.com is working","level":"low","createdAt":"2023-12-08T12:23:20.124Z"}
{"message":"Service https://google.com is working","level":"low","createdAt":"2023-12-08T12:23:25.074Z"}
{"message":"Service https://google.com is working","level":"low","createdAt":"2023-12-08T12:23:30.076Z"}
{"message":"Service https://google.com is working","level":"low","createdAt":"2023-12-08T12:23:35.090Z"}
{"message":"Service https://google.com is working","level":"low","createdAt":"2023-12-08T12:23:40.065Z"}
{"message":"Service https://google.com is working","level":"low","createdAt":"2023-12-08T12:23:45.082Z"}
{"message":"Service https://google.com is working","level":"low","createdAt":"2023-12-08T12:23:50.101Z"}
{"message":"Service https://google.com is working","level":"low","createdAt":"2023-12-08T12:23:55.096Z"}
{"message":"Service https://google.com is working","level":"low","createdAt":"2023-12-08T12:24:00.197Z"}
{"message":"https://google.c TypeError: fetch failed","level":"high","createdAt":"2023-12-08T12:24:05.085Z"}
{"message":"https://google.c TypeError: fetch failed","level":"high","createdAt":"2023-12-08T12:24:10.017Z"}
{"message":"https://google.c TypeError: fetch failed","level":"high","createdAt":"2023-12-08T12:24:15.045Z"}
{"message":"https://google.c TypeError: fetch failed","level":"high","createdAt":"2023-12-08T12:24:20.009Z"}
{"message":"https://google.c TypeError: fetch failed","level":"high","createdAt":"2023-12-08T12:24:25.017Z"}
{"message":"https://google.c TypeError: fetch failed","level":"high","createdAt":"2023-12-08T12:24:30.025Z"}
{"message":"https://google.c is not ok TypeError: fetch failed","level":"high","createdAt":"2023-12-08T12:24:35.080Z"}
{"message":"https://google.c is not ok. TypeError: fetch failed","level":"high","createdAt":"2023-12-08T12:24:40.085Z"}
{"message":"https://google.c is not ok. TypeError: fetch failed","level":"high","createdAt":"2023-12-08T12:24:45.011Z"}
{"message":"https://google.c is not ok. TypeError: fetch failed","level":"high","createdAt":"2023-12-08T12:24:50.024Z"}
{"message":"https://google.c is not ok. TypeError: fetch failed","level":"high","createdAt":"2023-12-08T12:24:55.014Z"}
{"message":"https://google.c is not ok. TypeError: fetch failed","level":"high","createdAt":"2023-12-08T12:25:00.024Z"}
{"message":"https://google.c is not ok. TypeError: fetch failed","level":"high","createdAt":"2023-12-08T12:25:05.010Z"}
{"message":"https://google.c is not ok. TypeError: fetch failed","level":"high","createdAt":"2023-12-08T12:25:10.007Z"}
{"message":"https://google.c is not ok. TypeError: fetch failed","level":"high","createdAt":"2023-12-08T12:25:15.019Z"}
