{"level":"info","message":"Hola mundo","service":"user-service"}
{"level":"info","message":"Hola mundo"}
{"level":"info","message":"Hola mundo"}
{"level":"info","message":"Hola mundo","service":"app.js"}
{"level":"info","message":"Hola mundo","service":"app.js"}
{"level":"info","message":"Hola mundo","service":"app.js"}
{"level":"info","message":"Hola mundo","service":"app.js"}
{"level":"error","message":"error Esto es algo malo","service":"app.js"}
{"level":"info","message":"Hola mundo","service":"app.js"}
{"at":"2023-11-30T15:37:12.158Z","level":"error","message":"error Esto es algo malo","service":"app.js"}
{"level":"info","message":"Hola mundo","service":"app.js"}
{"at":"2023-11-30T15:37:19.194Z","level":"error","message":"error Esto es algo malo","service":"app.js"}
{"level":"info","message":"Hola mundo","service":"app.js"}
{"level":"error","message":"error Esto es algo malo","service":"app.js"}
{"level":"info","message":"Hola mundo","service":"app.js"}
{"level":"error","message":"error Esto es algo malo","service":"app.js"}
{"level":"info","message":"Hola mundo","service":"app.js"}
{"level":"error","message":"error Esto es algo malo","service":"app.js"}
undefined
undefined
{"level":"info","message":"Hola mundo","service":"app.js","timestamp":"2023-11-30T15:39:11.800Z"}
{"level":"error","message":"error Esto es algo malo","service":"app.js","timestamp":"2023-11-30T15:39:11.803Z"}
